{"meta": {"format": 3, "version": "7.6.12", "timestamp": "2025-03-10T06:45:47.786879", "branch_coverage": false, "show_contexts": false}, "files": {"src/futures/__init__.py": {"executed_lines": [0], "summary": {"covered_lines": 0, "num_statements": 0, "percent_covered": 100.0, "percent_covered_display": "100", "missing_lines": 0, "excluded_lines": 0}, "missing_lines": [], "excluded_lines": [], "functions": {"": {"executed_lines": [], "summary": {"covered_lines": 0, "num_statements": 0, "percent_covered": 100.0, "percent_covered_display": "100", "missing_lines": 0, "excluded_lines": 0}, "missing_lines": [], "excluded_lines": []}}, "classes": {"": {"executed_lines": [], "summary": {"covered_lines": 0, "num_statements": 0, "percent_covered": 100.0, "percent_covered_display": "100", "missing_lines": 0, "excluded_lines": 0}, "missing_lines": [], "excluded_lines": []}}}, "src/futures/bloomberg/__init__.py": {"executed_lines": [1], "summary": {"covered_lines": 1, "num_statements": 1, "percent_covered": 100.0, "percent_covered_display": "100", "missing_lines": 0, "excluded_lines": 0}, "missing_lines": [], "excluded_lines": [], "functions": {"": {"executed_lines": [1], "summary": {"covered_lines": 1, "num_statements": 1, "percent_covered": 100.0, "percent_covered_display": "100", "missing_lines": 0, "excluded_lines": 0}, "missing_lines": [], "excluded_lines": []}}, "classes": {"": {"executed_lines": [1], "summary": {"covered_lines": 1, "num_statements": 1, "percent_covered": 100.0, "percent_covered_display": "100", "missing_lines": 0, "excluded_lines": 0}, "missing_lines": [], "excluded_lines": []}}}, "src/futures/bloomberg/conn.py": {"executed_lines": [1, 2, 4, 5, 6, 9, 12, 19, 20, 28, 29, 30, 31, 32, 33, 34, 36, 37, 39, 40], "summary": {"covered_lines": 20, "num_statements": 20, "percent_covered": 100.0, "percent_covered_display": "100", "missing_lines": 0, "excluded_lines": 0}, "missing_lines": [], "excluded_lines": [], "functions": {"connect": {"executed_lines": [28, 29, 30, 31, 32, 33, 34, 36, 37, 39, 40], "summary": {"covered_lines": 11, "num_statements": 11, "percent_covered": 100.0, "percent_covered_display": "100", "missing_lines": 0, "excluded_lines": 0}, "missing_lines": [], "excluded_lines": []}, "": {"executed_lines": [1, 2, 4, 5, 6, 9, 12, 19, 20], "summary": {"covered_lines": 9, "num_statements": 9, "percent_covered": 100.0, "percent_covered_display": "100", "missing_lines": 0, "excluded_lines": 0}, "missing_lines": [], "excluded_lines": []}}, "classes": {"": {"executed_lines": [1, 2, 4, 5, 6, 9, 12, 19, 20, 28, 29, 30, 31, 32, 33, 34, 36, 37, 39, 40], "summary": {"covered_lines": 20, "num_statements": 20, "percent_covered": 100.0, "percent_covered_display": "100", "missing_lines": 0, "excluded_lines": 0}, "missing_lines": [], "excluded_lines": []}}}, "src/futures/bloomberg/reference.py": {"executed_lines": [1, 3, 4, 5, 7, 10], "summary": {"covered_lines": 6, "num_statements": 22, "percent_covered": 27.272727272727273, "percent_covered_display": "27", "missing_lines": 16, "excluded_lines": 0}, "missing_lines": [22, 24, 25, 26, 27, 29, 34, 35, 37, 38, 40, 41, 42, 44, 45, 47], "excluded_lines": [], "functions": {"reference": {"executed_lines": [], "summary": {"covered_lines": 0, "num_statements": 16, "percent_covered": 0.0, "percent_covered_display": "0", "missing_lines": 16, "excluded_lines": 0}, "missing_lines": [22, 24, 25, 26, 27, 29, 34, 35, 37, 38, 40, 41, 42, 44, 45, 47], "excluded_lines": []}, "": {"executed_lines": [1, 3, 4, 5, 7, 10], "summary": {"covered_lines": 6, "num_statements": 6, "percent_covered": 100.0, "percent_covered_display": "100", "missing_lines": 0, "excluded_lines": 0}, "missing_lines": [], "excluded_lines": []}}, "classes": {"": {"executed_lines": [1, 3, 4, 5, 7, 10], "summary": {"covered_lines": 6, "num_statements": 22, "percent_covered": 27.272727272727273, "percent_covered_display": "27", "missing_lines": 16, "excluded_lines": 0}, "missing_lines": [22, 24, 25, 26, 27, 29, 34, 35, 37, 38, 40, 41, 42, 44, 45, 47], "excluded_lines": []}}}, "src/futures/bloomberg/ticker.py": {"executed_lines": [1, 3, 6, 50, 74, 76, 77, 78, 80, 81, 82, 84, 85, 86, 88], "summary": {"covered_lines": 15, "num_statements": 25, "percent_covered": 60.0, "percent_covered_display": "60", "missing_lines": 10, "excluded_lines": 0}, "missing_lines": [22, 23, 32, 38, 40, 41, 43, 44, 46, 47], "excluded_lines": [], "functions": {"chain": {"executed_lines": [], "summary": {"covered_lines": 0, "num_statements": 10, "percent_covered": 0.0, "percent_covered_display": "0", "missing_lines": 10, "excluded_lines": 0}, "missing_lines": [22, 23, 32, 38, 40, 41, 43, 44, 46, 47], "excluded_lines": []}, "ticker_continuous": {"executed_lines": [74, 76, 77, 78, 80, 81, 82, 84, 85, 86, 88], "summary": {"covered_lines": 11, "num_statements": 11, "percent_covered": 100.0, "percent_covered_display": "100", "missing_lines": 0, "excluded_lines": 0}, "missing_lines": [], "excluded_lines": []}, "": {"executed_lines": [1, 3, 6, 50], "summary": {"covered_lines": 4, "num_statements": 4, "percent_covered": 100.0, "percent_covered_display": "100", "missing_lines": 0, "excluded_lines": 0}, "missing_lines": [], "excluded_lines": []}}, "classes": {"": {"executed_lines": [1, 3, 6, 50, 74, 76, 77, 78, 80, 81, 82, 84, 85, 86, 88], "summary": {"covered_lines": 15, "num_statements": 25, "percent_covered": 60.0, "percent_covered_display": "60", "missing_lines": 10, "excluded_lines": 0}, "missing_lines": [22, 23, 32, 38, 40, 41, 43, 44, 46, 47], "excluded_lines": []}}}}, "totals": {"covered_lines": 42, "num_statements": 68, "percent_covered": 61.76470588235294, "percent_covered_display": "62", "missing_lines": 26, "excluded_lines": 0}}