SF:src/futures/__init__.py
end_of_record
SF:src/futures/bloomberg/__init__.py
DA:1,1
LF:1
LH:1
end_of_record
SF:src/futures/bloomberg/conn.py
DA:1,1
DA:2,1
DA:4,1
DA:5,1
DA:6,1
DA:9,1
DA:12,1
DA:19,1
DA:20,1
DA:28,1
DA:29,1
DA:30,1
DA:31,1
DA:32,1
DA:33,1
DA:34,1
DA:36,1
DA:37,1
DA:39,1
DA:40,1
LF:20
LH:20
FN:20,40,connect
FNDA:1,connect
FNF:1
FNH:1
end_of_record
SF:src/futures/bloomberg/reference.py
DA:1,1
DA:3,1
DA:4,1
DA:5,1
DA:7,1
DA:10,1
DA:22,0
DA:24,0
DA:25,0
DA:26,0
DA:27,0
DA:29,0
DA:34,0
DA:35,0
DA:37,0
DA:38,0
DA:40,0
DA:41,0
DA:42,0
DA:44,0
DA:45,0
DA:47,0
LF:22
LH:6
FN:10,54,reference
FNDA:0,reference
FNF:1
FNH:0
end_of_record
SF:src/futures/bloomberg/ticker.py
DA:1,1
DA:3,1
DA:6,1
DA:22,0
DA:23,0
DA:32,0
DA:38,0
DA:40,0
DA:41,0
DA:43,0
DA:44,0
DA:46,0
DA:47,0
DA:50,1
DA:74,1
DA:76,1
DA:77,1
DA:78,1
DA:80,1
DA:81,1
DA:82,1
DA:84,1
DA:85,1
DA:86,1
DA:88,1
LF:25
LH:15
FN:6,47,chain
FNDA:0,chain
FN:50,96,ticker_continuous
FNDA:1,ticker_continuous
FNF:2
FNH:1
end_of_record
